This is XeTeX, Version 3.141592653-2.6-0.999994 (TeX Live 2022) (preloaded format=xelatex 2023.3.17)  23 MAY 2023 13:48
entering extended mode
 restricted \write18 enabled.
 %&-line parsing enabled.
**hw4.tex
(./hw4.tex
LaTeX2e <2022-11-01> patch level 1
L3 programming layer <2023-02-22> (c:/Users/17301/AppData/Roaming/TinyTeX/texmf-dist/tex/latex/ctex/ctexart.cls (c:/Users/17301/AppData/Roaming/TinyTeX/texmf-dist/tex/latex/ctex/config/ctexbackend.cfg
File: ctexbackend.cfg 2022/07/14 v2.5.10 Backend configuration file (CTEX)
) (c:/Users/17301/AppData/Roaming/TinyTeX/texmf-dist/tex/latex/l3kernel/expl3.sty
Package: expl3 2023-02-22 L3 programming layer (loader) 
(c:/Users/17301/AppData/Roaming/TinyTeX/texmf-dist/tex/latex/l3backend/l3backend-xetex.def
File: l3backend-xetex.def 2023-01-16 L3 backend support: XeTeX
\g__graphics_track_int=\count181
\l__pdf_internal_box=\box51
\g__pdf_backend_object_int=\count182
\g__pdf_backend_annotation_int=\count183
\g__pdf_backend_link_int=\count184
))
Document Class: ctexart 2022/07/14 v2.5.10 Chinese adapter for class article (CTEX)
(c:/Users/17301/AppData/Roaming/TinyTeX/texmf-dist/tex/latex/ctex/ctexhook.sty
Package: ctexhook 2022/07/14 v2.5.10 Document and package hooks (CTEX)
) (c:/Users/17301/AppData/Roaming/TinyTeX/texmf-dist/tex/latex/ctex/ctexpatch.sty
Package: ctexpatch 2022/07/14 v2.5.10 Patching commands (CTEX)
) (c:/Users/17301/AppData/Roaming/TinyTeX/texmf-dist/tex/latex/base/fix-cm.sty
Package: fix-cm 2020/11/24 v1.1t fixes to LaTeX
(c:/Users/17301/AppData/Roaming/TinyTeX/texmf-dist/tex/latex/base/ts1enc.def
File: ts1enc.def 2001/06/05 v3.0e (jk/car/fm) Standard LaTeX file
LaTeX Font Info:    Redeclaring font encoding TS1 on input line 47.
))
\l__ctex_tmp_int=\count185
\l__ctex_tmp_box=\box52
\l__ctex_tmp_dim=\dimen140
\g__ctex_section_depth_int=\count186
\g__ctex_font_size_int=\count187
(c:/Users/17301/AppData/Roaming/TinyTeX/texmf-dist/tex/latex/ctex/config/ctexopts.cfg
File: ctexopts.cfg 2022/07/14 v2.5.10 Option configuration file (CTEX)
) (c:/Users/17301/AppData/Roaming/TinyTeX/texmf-dist/tex/latex/base/article.cls
Document Class: article 2022/07/02 v1.4n Standard LaTeX document class
(c:/Users/17301/AppData/Roaming/TinyTeX/texmf-dist/tex/latex/base/size10.clo
File: size10.clo 2022/07/02 v1.4n Standard LaTeX file (size option)
)
\c@part=\count188
\c@section=\count189
\c@subsection=\count190
\c@subsubsection=\count191
\c@paragraph=\count192
\c@subparagraph=\count193
\c@figure=\count194
\c@table=\count195
\abovecaptionskip=\skip48
\belowcaptionskip=\skip49
\bibindent=\dimen141
) (c:/Users/17301/AppData/Roaming/TinyTeX/texmf-dist/tex/latex/ctex/engine/ctex-engine-xetex.def
File: ctex-engine-xetex.def 2022/07/14 v2.5.10 XeLaTeX adapter (CTEX)
(c:/Users/17301/AppData/Roaming/TinyTeX/texmf-dist/tex/xelatex/xecjk/xeCJK.sty
Package: xeCJK 2022/08/05 v3.9.1 Typesetting CJK scripts with XeLaTeX
(c:/Users/17301/AppData/Roaming/TinyTeX/texmf-dist/tex/latex/l3packages/xtemplate/xtemplate.sty
Package: xtemplate 2023-02-02 L3 Experimental prototype document functions
\l__xtemplate_tmp_dim=\dimen142
\l__xtemplate_tmp_int=\count196
\l__xtemplate_tmp_muskip=\muskip16
\l__xtemplate_tmp_skip=\skip50
)
\l__xeCJK_tmp_int=\count197
\l__xeCJK_tmp_box=\box53
\l__xeCJK_tmp_dim=\dimen143
\l__xeCJK_tmp_skip=\skip51
\g__xeCJK_space_factor_int=\count198
\l__xeCJK_begin_int=\count199
\l__xeCJK_end_int=\count266
\c__xeCJK_CJK_class_int=\XeTeXcharclass1
\c__xeCJK_FullLeft_class_int=\XeTeXcharclass2
\c__xeCJK_FullRight_class_int=\XeTeXcharclass3
\c__xeCJK_HalfLeft_class_int=\XeTeXcharclass4
\c__xeCJK_HalfRight_class_int=\XeTeXcharclass5
\c__xeCJK_NormalSpace_class_int=\XeTeXcharclass6
\c__xeCJK_CM_class_int=\XeTeXcharclass7
\c__xeCJK_HangulJamo_class_int=\XeTeXcharclass8
\l__xeCJK_last_skip=\skip52
\c__xeCJK_none_node=\count267
\g__xeCJK_node_int=\count268
\c__xeCJK_CJK_node_dim=\dimen144
\c__xeCJK_CJK-space_node_dim=\dimen145
\c__xeCJK_default_node_dim=\dimen146
\c__xeCJK_CJK-widow_node_dim=\dimen147
\c__xeCJK_normalspace_node_dim=\dimen148
\c__xeCJK_default-space_node_skip=\skip53
\l__xeCJK_ccglue_skip=\skip54
\l__xeCJK_ecglue_skip=\skip55
\l__xeCJK_punct_kern_skip=\skip56
\l__xeCJK_indent_box=\box54
\l__xeCJK_last_penalty_int=\count269
\l__xeCJK_last_bound_dim=\dimen149
\l__xeCJK_last_kern_dim=\dimen150
\l__xeCJK_widow_penalty_int=\count270

Package xtemplate Info: Declaring object type 'xeCJK/punctuation' taking 0
(xtemplate)             argument(s) on line 2396.

\l__xeCJK_fixed_punct_width_dim=\dimen151
\l__xeCJK_mixed_punct_width_dim=\dimen152
\l__xeCJK_middle_punct_width_dim=\dimen153
\l__xeCJK_fixed_margin_width_dim=\dimen154
\l__xeCJK_mixed_margin_width_dim=\dimen155
\l__xeCJK_middle_margin_width_dim=\dimen156
\l__xeCJK_bound_punct_width_dim=\dimen157
\l__xeCJK_bound_margin_width_dim=\dimen158
\l__xeCJK_margin_minimum_dim=\dimen159
\l__xeCJK_kerning_total_width_dim=\dimen160
\l__xeCJK_same_align_margin_dim=\dimen161
\l__xeCJK_different_align_margin_dim=\dimen162
\l__xeCJK_kerning_margin_width_dim=\dimen163
\l__xeCJK_kerning_margin_minimum_dim=\dimen164
\l__xeCJK_bound_dim=\dimen165
\l__xeCJK_reverse_bound_dim=\dimen166
\l__xeCJK_margin_dim=\dimen167
\l__xeCJK_minimum_bound_dim=\dimen168
\l__xeCJK_kerning_margin_dim=\dimen169
\g__xeCJK_family_int=\count271
\l__xeCJK_fam_int=\count272
\g__xeCJK_fam_allocation_int=\count273
\l__xeCJK_verb_case_int=\count274
\l__xeCJK_verb_exspace_skip=\skip57
(c:/Users/17301/AppData/Roaming/TinyTeX/texmf-dist/tex/latex/fontspec/fontspec.sty (c:/Users/17301/AppData/Roaming/TinyTeX/texmf-dist/tex/latex/l3packages/xparse/xparse.sty
Package: xparse 2023-02-02 L3 Experimental document command parser
)
Package: fontspec 2022/01/15 v2.8a Font selection for XeLaTeX and LuaLaTeX
(c:/Users/17301/AppData/Roaming/TinyTeX/texmf-dist/tex/latex/fontspec/fontspec-xetex.sty
Package: fontspec-xetex 2022/01/15 v2.8a Font selection for XeLaTeX and LuaLaTeX
\l__fontspec_script_int=\count275
\l__fontspec_language_int=\count276
\l__fontspec_strnum_int=\count277
\l__fontspec_tmp_int=\count278
\l__fontspec_tmpa_int=\count279
\l__fontspec_tmpb_int=\count280
\l__fontspec_tmpc_int=\count281
\l__fontspec_em_int=\count282
\l__fontspec_emdef_int=\count283
\l__fontspec_strong_int=\count284
\l__fontspec_strongdef_int=\count285
\l__fontspec_tmpa_dim=\dimen170
\l__fontspec_tmpb_dim=\dimen171
\l__fontspec_tmpc_dim=\dimen172
(c:/Users/17301/AppData/Roaming/TinyTeX/texmf-dist/tex/latex/base/fontenc.sty
Package: fontenc 2021/04/29 v2.0v Standard LaTeX package
) (c:/Users/17301/AppData/Roaming/TinyTeX/texmf-dist/tex/latex/fontspec/fontspec.cfg))) (c:/Users/17301/AppData/Roaming/TinyTeX/texmf-dist/tex/xelatex/xecjk/xeCJK.cfg
File: xeCJK.cfg 2022/08/05 v3.9.1 Configuration file for xeCJK package
))
\ccwd=\dimen173
\l__ctex_ccglue_skip=\skip58
)
\l__ctex_ziju_dim=\dimen174
(c:/Users/17301/AppData/Roaming/TinyTeX/texmf-dist/tex/latex/zhnumber/zhnumber.sty
Package: zhnumber 2022/07/14 v3.0 Typesetting numbers with Chinese glyphs
\l__zhnum_scale_int=\count286
\l__zhnum_tmp_int=\count287
(c:/Users/17301/AppData/Roaming/TinyTeX/texmf-dist/tex/latex/zhnumber/zhnumber-utf8.cfg
File: zhnumber-utf8.cfg 2022/07/14 v3.0 Chinese numerals with UTF8 encoding
))
\l__ctex_heading_skip=\skip59
(c:/Users/17301/AppData/Roaming/TinyTeX/texmf-dist/tex/latex/ctex/scheme/ctex-scheme-chinese-article.def
File: ctex-scheme-chinese-article.def 2022/07/14 v2.5.10 Chinese scheme for article (CTEX)
(c:/Users/17301/AppData/Roaming/TinyTeX/texmf-dist/tex/latex/ctex/config/ctex-name-utf8.cfg
File: ctex-name-utf8.cfg 2022/07/14 v2.5.10 Caption with encoding UTF-8 (CTEX)
)) (c:/Users/17301/AppData/Roaming/TinyTeX/texmf-dist/tex/latex/ctex/ctex-c5size.clo
File: ctex-c5size.clo 2022/07/14 v2.5.10 c5size option (CTEX)
) (c:/Users/17301/AppData/Roaming/TinyTeX/texmf-dist/tex/latex/ctex/fontset/ctex-fontset-windows.def
File: ctex-fontset-windows.def 2022/07/14 v2.5.10 Windows fonts definition (CTEX)

Package fontspec Info: Could not resolve font "KaiTi/B" (it probably doesn't
(fontspec)             exist).


Package fontspec Info: Could not resolve font "SimHei/I" (it probably doesn't
(fontspec)             exist).


Package fontspec Info: Could not resolve font "SimSun/BI" (it probably doesn't
(fontspec)             exist).


Package fontspec Info: Font family 'SimSun(0)' created for font 'SimSun' with
(fontspec)             options
(fontspec)             [Script={CJK},BoldFont={SimHei},ItalicFont={KaiTi}].
(fontspec)              
(fontspec)              This font family consists of the following NFSS
(fontspec)             series/shapes:
(fontspec)              
(fontspec)             - 'normal' (m/n) with NFSS spec.:
(fontspec)             <->"SimSun/OT:script=hani;language=dflt;"
(fontspec)             - 'small caps'  (m/sc) with NFSS spec.: 
(fontspec)             - 'bold' (b/n) with NFSS spec.:
(fontspec)             <->"SimHei/OT:script=hani;language=dflt;"
(fontspec)             - 'bold small caps'  (b/sc) with NFSS spec.: 
(fontspec)             - 'italic' (m/it) with NFSS spec.:
(fontspec)             <->"KaiTi/OT:script=hani;language=dflt;"
(fontspec)             - 'italic small caps'  (m/scit) with NFSS spec.: 

)) (c:/Users/17301/AppData/Roaming/TinyTeX/texmf-dist/tex/latex/ctex/config/ctex.cfg
File: ctex.cfg 2022/07/14 v2.5.10 Configuration file (CTEX)
) (c:/Users/17301/AppData/Roaming/TinyTeX/texmf-dist/tex/latex/amsmath/amsmath.sty
Package: amsmath 2022/04/08 v2.17n AMS math features
\@mathmargin=\skip60
For additional information on amsmath, use the `?' option.
(c:/Users/17301/AppData/Roaming/TinyTeX/texmf-dist/tex/latex/amsmath/amstext.sty
Package: amstext 2021/08/26 v2.01 AMS text
(c:/Users/17301/AppData/Roaming/TinyTeX/texmf-dist/tex/latex/amsmath/amsgen.sty
File: amsgen.sty 1999/11/30 v2.0 generic functions
\@emptytoks=\toks16
\ex@=\dimen175
)) (c:/Users/17301/AppData/Roaming/TinyTeX/texmf-dist/tex/latex/amsmath/amsbsy.sty
Package: amsbsy 1999/11/29 v1.2d Bold Symbols
\pmbraise@=\dimen176
) (c:/Users/17301/AppData/Roaming/TinyTeX/texmf-dist/tex/latex/amsmath/amsopn.sty
Package: amsopn 2022/04/08 v2.04 operator names
)
\inf@bad=\count288
LaTeX Info: Redefining \frac on input line 234.
\uproot@=\count289
\leftroot@=\count290
LaTeX Info: Redefining \overline on input line 399.
LaTeX Info: Redefining \colon on input line 410.
\classnum@=\count291
\DOTSCASE@=\count292
LaTeX Info: Redefining \ldots on input line 496.
LaTeX Info: Redefining \dots on input line 499.
LaTeX Info: Redefining \cdots on input line 620.
\Mathstrutbox@=\box55
\strutbox@=\box56
LaTeX Info: Redefining \big on input line 722.
LaTeX Info: Redefining \Big on input line 723.
LaTeX Info: Redefining \bigg on input line 724.
LaTeX Info: Redefining \Bigg on input line 725.
\big@size=\dimen177
LaTeX Font Info:    Redeclaring font encoding OML on input line 743.
LaTeX Font Info:    Redeclaring font encoding OMS on input line 744.
\macc@depth=\count293
LaTeX Info: Redefining \bmod on input line 905.
LaTeX Info: Redefining \pmod on input line 910.
LaTeX Info: Redefining \smash on input line 940.
LaTeX Info: Redefining \relbar on input line 970.
LaTeX Info: Redefining \Relbar on input line 971.
\c@MaxMatrixCols=\count294
\dotsspace@=\muskip17
\c@parentequation=\count295
\dspbrk@lvl=\count296
\tag@help=\toks17
\row@=\count297
\column@=\count298
\maxfields@=\count299
\andhelp@=\toks18
\eqnshift@=\dimen178
\alignsep@=\dimen179
\tagshift@=\dimen180
\tagwidth@=\dimen181
\totwidth@=\dimen182
\lineht@=\dimen183
\@envbody=\toks19
\multlinegap=\skip61
\multlinetaggap=\skip62
\mathdisplay@stack=\toks20
LaTeX Info: Redefining \[ on input line 2953.
LaTeX Info: Redefining \] on input line 2954.
) (c:/Users/17301/AppData/Roaming/TinyTeX/texmf-dist/tex/latex/amsfonts/amssymb.sty
Package: amssymb 2013/01/14 v3.01 AMS font symbols
(c:/Users/17301/AppData/Roaming/TinyTeX/texmf-dist/tex/latex/amsfonts/amsfonts.sty
Package: amsfonts 2013/01/14 v3.01 Basic AMSFonts support
\symAMSa=\mathgroup4
\symAMSb=\mathgroup5
LaTeX Font Info:    Redeclaring math symbol \hbar on input line 98.
LaTeX Font Info:    Overwriting math alphabet `\mathfrak' in version `bold'
(Font)                  U/euf/m/n --> U/euf/b/n on input line 106.
)) (c:/Users/17301/AppData/Roaming/TinyTeX/texmf-dist/tex/latex/lm/lmodern.sty
Package: lmodern 2015/05/01 v1.6.1 Latin Modern Fonts
LaTeX Font Info:    Overwriting symbol font `operators' in version `normal'
(Font)                  OT1/cmr/m/n --> OT1/lmr/m/n on input line 22.
LaTeX Font Info:    Overwriting symbol font `letters' in version `normal'
(Font)                  OML/cmm/m/it --> OML/lmm/m/it on input line 23.
LaTeX Font Info:    Overwriting symbol font `symbols' in version `normal'
(Font)                  OMS/cmsy/m/n --> OMS/lmsy/m/n on input line 24.
LaTeX Font Info:    Overwriting symbol font `largesymbols' in version `normal'
(Font)                  OMX/cmex/m/n --> OMX/lmex/m/n on input line 25.
LaTeX Font Info:    Overwriting symbol font `operators' in version `bold'
(Font)                  OT1/cmr/bx/n --> OT1/lmr/bx/n on input line 26.
LaTeX Font Info:    Overwriting symbol font `letters' in version `bold'
(Font)                  OML/cmm/b/it --> OML/lmm/b/it on input line 27.
LaTeX Font Info:    Overwriting symbol font `symbols' in version `bold'
(Font)                  OMS/cmsy/b/n --> OMS/lmsy/b/n on input line 28.
LaTeX Font Info:    Overwriting symbol font `largesymbols' in version `bold'
(Font)                  OMX/cmex/m/n --> OMX/lmex/m/n on input line 29.
LaTeX Font Info:    Overwriting math alphabet `\mathbf' in version `normal'
(Font)                  OT1/cmr/bx/n --> OT1/lmr/bx/n on input line 31.
LaTeX Font Info:    Overwriting math alphabet `\mathsf' in version `normal'
(Font)                  OT1/cmss/m/n --> OT1/lmss/m/n on input line 32.
LaTeX Font Info:    Overwriting math alphabet `\mathit' in version `normal'
(Font)                  OT1/cmr/m/it --> OT1/lmr/m/it on input line 33.
LaTeX Font Info:    Overwriting math alphabet `\mathtt' in version `normal'
(Font)                  OT1/cmtt/m/n --> OT1/lmtt/m/n on input line 34.
LaTeX Font Info:    Overwriting math alphabet `\mathbf' in version `bold'
(Font)                  OT1/cmr/bx/n --> OT1/lmr/bx/n on input line 35.
LaTeX Font Info:    Overwriting math alphabet `\mathsf' in version `bold'
(Font)                  OT1/cmss/bx/n --> OT1/lmss/bx/n on input line 36.
LaTeX Font Info:    Overwriting math alphabet `\mathit' in version `bold'
(Font)                  OT1/cmr/bx/it --> OT1/lmr/bx/it on input line 37.
LaTeX Font Info:    Overwriting math alphabet `\mathtt' in version `bold'
(Font)                  OT1/cmtt/m/n --> OT1/lmtt/m/n on input line 38.
) (c:/Users/17301/AppData/Roaming/TinyTeX/texmf-dist/tex/generic/iftex/iftex.sty
Package: iftex 2022/02/03 v1.0f TeX engine tests
) (c:/Users/17301/AppData/Roaming/TinyTeX/texmf-dist/tex/latex/unicode-math/unicode-math.sty
Package: unicode-math 2020/01/31 v0.8q Unicode maths in XeLaTeX and LuaLaTeX
(c:/Users/17301/AppData/Roaming/TinyTeX/texmf-dist/tex/latex/unicode-math/unicode-math-xetex.sty
Package: unicode-math-xetex 2020/01/31 v0.8q Unicode maths in XeLaTeX and LuaLaTeX
(c:/Users/17301/AppData/Roaming/TinyTeX/texmf-dist/tex/latex/l3packages/l3keys2e/l3keys2e.sty
Package: l3keys2e 2023-02-02 LaTeX2e option processing using LaTeX3 keys
)
\g__um_fam_int=\count300
\g__um_fonts_used_int=\count301
\l__um_primecount_int=\count302
\g__um_primekern_muskip=\muskip18
(c:/Users/17301/AppData/Roaming/TinyTeX/texmf-dist/tex/latex/unicode-math/unicode-math-table.tex))) (c:/Users/17301/AppData/Roaming/TinyTeX/texmf-dist/tex/latex/xcolor/xcolor.sty
Package: xcolor 2022/06/12 v2.14 LaTeX color extensions (UK)
(c:/Users/17301/AppData/Roaming/TinyTeX/texmf-dist/tex/latex/graphics-cfg/color.cfg
File: color.cfg 2016/01/02 v1.6 sample color configuration
)
Package xcolor Info: Driver file: xetex.def on input line 227.
(c:/Users/17301/AppData/Roaming/TinyTeX/texmf-dist/tex/latex/graphics-def/xetex.def
File: xetex.def 2022/09/22 v5.0n Graphics/color driver for xetex
) (c:/Users/17301/AppData/Roaming/TinyTeX/texmf-dist/tex/latex/graphics/mathcolor.ltx)
Package xcolor Info: Model `cmy' substituted by `cmy0' on input line 1353.
Package xcolor Info: Model `RGB' extended on input line 1369.
Package xcolor Info: Model `HTML' substituted by `rgb' on input line 1371.
Package xcolor Info: Model `Hsb' substituted by `hsb' on input line 1372.
Package xcolor Info: Model `tHsb' substituted by `hsb' on input line 1373.
Package xcolor Info: Model `HSB' substituted by `hsb' on input line 1374.
Package xcolor Info: Model `Gray' substituted by `gray' on input line 1375.
Package xcolor Info: Model `wave' substituted by `hsb' on input line 1376.
) (c:/Users/17301/AppData/Roaming/TinyTeX/texmf-dist/tex/latex/hyperref/hyperref.sty
Package: hyperref 2023-02-07 v7.00v Hypertext links for LaTeX
(c:/Users/17301/AppData/Roaming/TinyTeX/texmf-dist/tex/generic/ltxcmds/ltxcmds.sty
Package: ltxcmds 2020-05-10 v1.25 LaTeX kernel commands for general use (HO)
) (c:/Users/17301/AppData/Roaming/TinyTeX/texmf-dist/tex/generic/pdftexcmds/pdftexcmds.sty
Package: pdftexcmds 2020-06-27 v0.33 Utility functions of pdfTeX for LuaTeX (HO)
(c:/Users/17301/AppData/Roaming/TinyTeX/texmf-dist/tex/generic/infwarerr/infwarerr.sty
Package: infwarerr 2019/12/03 v1.5 Providing info/warning/error messages (HO)
)
Package pdftexcmds Info: \pdf@primitive is available.
Package pdftexcmds Info: \pdf@ifprimitive is available.
Package pdftexcmds Info: \pdfdraftmode not found.
) (c:/Users/17301/AppData/Roaming/TinyTeX/texmf-dist/tex/latex/graphics/keyval.sty
Package: keyval 2022/05/29 v1.15 key=value parser (DPC)
\KV@toks@=\toks21
) (c:/Users/17301/AppData/Roaming/TinyTeX/texmf-dist/tex/latex/kvsetkeys/kvsetkeys.sty
Package: kvsetkeys 2022-10-05 v1.19 Key value parser (HO)
) (c:/Users/17301/AppData/Roaming/TinyTeX/texmf-dist/tex/generic/kvdefinekeys/kvdefinekeys.sty
Package: kvdefinekeys 2019-12-19 v1.6 Define keys (HO)
) (c:/Users/17301/AppData/Roaming/TinyTeX/texmf-dist/tex/generic/pdfescape/pdfescape.sty
Package: pdfescape 2019/12/09 v1.15 Implements pdfTeX's escape features (HO)
) (c:/Users/17301/AppData/Roaming/TinyTeX/texmf-dist/tex/latex/hycolor/hycolor.sty
Package: hycolor 2020-01-27 v1.10 Color options for hyperref/bookmark (HO)
) (c:/Users/17301/AppData/Roaming/TinyTeX/texmf-dist/tex/latex/letltxmacro/letltxmacro.sty
Package: letltxmacro 2019/12/03 v1.6 Let assignment for LaTeX macros (HO)
) (c:/Users/17301/AppData/Roaming/TinyTeX/texmf-dist/tex/latex/auxhook/auxhook.sty
Package: auxhook 2019-12-17 v1.6 Hooks for auxiliary files (HO)
) (c:/Users/17301/AppData/Roaming/TinyTeX/texmf-dist/tex/latex/hyperref/nameref.sty
Package: nameref 2022-05-17 v2.50 Cross-referencing by name of section
(c:/Users/17301/AppData/Roaming/TinyTeX/texmf-dist/tex/latex/refcount/refcount.sty
Package: refcount 2019/12/15 v3.6 Data extraction from label references (HO)
) (c:/Users/17301/AppData/Roaming/TinyTeX/texmf-dist/tex/generic/gettitlestring/gettitlestring.sty
Package: gettitlestring 2019/12/15 v1.6 Cleanup title references (HO)
(c:/Users/17301/AppData/Roaming/TinyTeX/texmf-dist/tex/latex/kvoptions/kvoptions.sty
Package: kvoptions 2022-06-15 v3.15 Key value format for package options (HO)
))
\c@section@level=\count303
)
\@linkdim=\dimen184
\Hy@linkcounter=\count304
\Hy@pagecounter=\count305
(c:/Users/17301/AppData/Roaming/TinyTeX/texmf-dist/tex/latex/hyperref/pd1enc.def
File: pd1enc.def 2023-02-07 v7.00v Hyperref: PDFDocEncoding definition (HO)
) (c:/Users/17301/AppData/Roaming/TinyTeX/texmf-dist/tex/generic/intcalc/intcalc.sty
Package: intcalc 2019/12/15 v1.3 Expandable calculations with integers (HO)
) (c:/Users/17301/AppData/Roaming/TinyTeX/texmf-dist/tex/generic/etexcmds/etexcmds.sty
Package: etexcmds 2019/12/15 v1.7 Avoid name clashes with e-TeX commands (HO)
)
\Hy@SavedSpaceFactor=\count306
(c:/Users/17301/AppData/Roaming/TinyTeX/texmf-dist/tex/latex/hyperref/puenc.def
File: puenc.def 2023-02-07 v7.00v Hyperref: PDF Unicode definition (HO)
)
Package hyperref Info: Option `unicode' set `true' on input line 4060.
Package hyperref Info: Option `unicode' set `true' on input line 4060.
Package hyperref Info: Hyper figures OFF on input line 4177.
Package hyperref Info: Link nesting OFF on input line 4182.
Package hyperref Info: Hyper index ON on input line 4185.
Package hyperref Info: Plain pages OFF on input line 4192.
Package hyperref Info: Backreferencing OFF on input line 4197.
Package hyperref Info: Implicit mode ON; LaTeX internals redefined.
Package hyperref Info: Bookmarks ON on input line 4425.
\c@Hy@tempcnt=\count307
(c:/Users/17301/AppData/Roaming/TinyTeX/texmf-dist/tex/latex/url/url.sty
\Urlmuskip=\muskip19
Package: url 2013/09/16  ver 3.4  Verb mode for urls, etc.
)
LaTeX Info: Redefining \url on input line 4763.
\XeTeXLinkMargin=\dimen185
(c:/Users/17301/AppData/Roaming/TinyTeX/texmf-dist/tex/generic/bitset/bitset.sty
Package: bitset 2019/12/09 v1.3 Handle bit-vector datatype (HO)
(c:/Users/17301/AppData/Roaming/TinyTeX/texmf-dist/tex/generic/bigintcalc/bigintcalc.sty
Package: bigintcalc 2019/12/15 v1.5 Expandable calculations on big integers (HO)
))
\Fld@menulength=\count308
\Field@Width=\dimen186
\Fld@charsize=\dimen187
Package hyperref Info: Hyper figures OFF on input line 6042.
Package hyperref Info: Link nesting OFF on input line 6047.
Package hyperref Info: Hyper index ON on input line 6050.
Package hyperref Info: backreferencing OFF on input line 6057.
Package hyperref Info: Link coloring OFF on input line 6062.
Package hyperref Info: Link coloring with OCG OFF on input line 6067.
Package hyperref Info: PDF/A mode OFF on input line 6072.
(c:/Users/17301/AppData/Roaming/TinyTeX/texmf-dist/tex/latex/base/atbegshi-ltx.sty
Package: atbegshi-ltx 2021/01/10 v1.0c Emulation of the original atbegshi
package with kernel methods
)
\Hy@abspage=\count309
\c@Item=\count310
\c@Hfootnote=\count311
)
Package hyperref Info: Driver (autodetected): hxetex.
(c:/Users/17301/AppData/Roaming/TinyTeX/texmf-dist/tex/latex/hyperref/hxetex.def
File: hxetex.def 2023-02-07 v7.00v Hyperref driver for XeTeX
(c:/Users/17301/AppData/Roaming/TinyTeX/texmf-dist/tex/generic/stringenc/stringenc.sty
Package: stringenc 2019/11/29 v1.12 Convert strings between diff. encodings (HO)
)
\pdfm@box=\box57
\c@Hy@AnnotLevel=\count312
\HyField@AnnotCount=\count313
\Fld@listcount=\count314
\c@bookmark@seq@number=\count315
(c:/Users/17301/AppData/Roaming/TinyTeX/texmf-dist/tex/latex/rerunfilecheck/rerunfilecheck.sty
Package: rerunfilecheck 2022-07-10 v1.10 Rerun checks for auxiliary files (HO)
(c:/Users/17301/AppData/Roaming/TinyTeX/texmf-dist/tex/latex/base/atveryend-ltx.sty
Package: atveryend-ltx 2020/08/19 v1.0a Emulation of the original atveryend package
with kernel methods
) (c:/Users/17301/AppData/Roaming/TinyTeX/texmf-dist/tex/generic/uniquecounter/uniquecounter.sty
Package: uniquecounter 2019/12/15 v1.4 Provide unlimited unique counter (HO)
)
Package uniquecounter Info: New unique counter `rerunfilecheck' on input line 285.
)
\Hy@SectionHShift=\skip63
) (c:/Users/17301/AppData/Roaming/TinyTeX/texmf-dist/tex/latex/fancyvrb/fancyvrb.sty
Package: fancyvrb 2023/01/19 4.5a verbatim text (tvz,hv)
\FV@CodeLineNo=\count316
\FV@InFile=\read2
\FV@TabBox=\box58
\c@FancyVerbLine=\count317
\FV@StepNumber=\count318
\FV@OutFile=\write3
) (c:/Users/17301/AppData/Roaming/TinyTeX/texmf-dist/tex/latex/framed/framed.sty
Package: framed 2011/10/22 v 0.96: framed or shaded text with page breaks
\OuterFrameSep=\skip64
\fb@frw=\dimen188
\fb@frh=\dimen189
\FrameRule=\dimen190
\FrameSep=\dimen191
) (c:/Users/17301/AppData/Roaming/TinyTeX/texmf-dist/tex/latex/graphics/graphicx.sty
Package: graphicx 2021/09/16 v1.2d Enhanced LaTeX Graphics (DPC,SPQR)
(c:/Users/17301/AppData/Roaming/TinyTeX/texmf-dist/tex/latex/graphics/graphics.sty
Package: graphics 2022/03/10 v1.4e Standard LaTeX Graphics (DPC,SPQR)
(c:/Users/17301/AppData/Roaming/TinyTeX/texmf-dist/tex/latex/graphics/trig.sty
Package: trig 2021/08/11 v1.11 sin cos tan (DPC)
) (c:/Users/17301/AppData/Roaming/TinyTeX/texmf-dist/tex/latex/graphics-cfg/graphics.cfg
File: graphics.cfg 2016/06/04 v1.11 sample graphics configuration
)
Package graphics Info: Driver file: xetex.def on input line 107.
)
\Gin@req@height=\dimen192
\Gin@req@width=\dimen193
) (./hw4.aux)
\openout1 = `hw4.aux'.

LaTeX Font Info:    Checking defaults for OML/cmm/m/it on input line 110.
LaTeX Font Info:    ... okay on input line 110.
LaTeX Font Info:    Checking defaults for OMS/cmsy/m/n on input line 110.
LaTeX Font Info:    ... okay on input line 110.
LaTeX Font Info:    Checking defaults for OT1/cmr/m/n on input line 110.
LaTeX Font Info:    ... okay on input line 110.
LaTeX Font Info:    Checking defaults for T1/cmr/m/n on input line 110.
LaTeX Font Info:    ... okay on input line 110.
LaTeX Font Info:    Checking defaults for TS1/cmr/m/n on input line 110.
LaTeX Font Info:    ... okay on input line 110.
LaTeX Font Info:    Checking defaults for TU/lmr/m/n on input line 110.
LaTeX Font Info:    ... okay on input line 110.
LaTeX Font Info:    Checking defaults for OMX/cmex/m/n on input line 110.
LaTeX Font Info:    ... okay on input line 110.
LaTeX Font Info:    Checking defaults for U/cmr/m/n on input line 110.
LaTeX Font Info:    ... okay on input line 110.
LaTeX Font Info:    Checking defaults for PD1/pdf/m/n on input line 110.
LaTeX Font Info:    ... okay on input line 110.
LaTeX Font Info:    Checking defaults for PU/pdf/m/n on input line 110.
LaTeX Font Info:    ... okay on input line 110.
LaTeX Font Info:    Overwriting math alphabet `\mathrm' in version `normal'
(Font)                  OT1/lmr/m/n --> TU/lmr/m/n on input line 110.
LaTeX Font Info:    Overwriting math alphabet `\mathit' in version `normal'
(Font)                  OT1/lmr/m/it --> TU/lmr/m/it on input line 110.
LaTeX Font Info:    Overwriting math alphabet `\mathbf' in version `normal'
(Font)                  OT1/lmr/bx/n --> TU/lmr/bx/n on input line 110.
LaTeX Font Info:    Overwriting math alphabet `\mathsf' in version `normal'
(Font)                  OT1/lmss/m/n --> TU/lmss/m/n on input line 110.
LaTeX Font Info:    Overwriting math alphabet `\mathsf' in version `bold'
(Font)                  OT1/lmss/bx/n --> TU/lmss/bx/n on input line 110.
LaTeX Font Info:    Overwriting math alphabet `\mathtt' in version `normal'
(Font)                  OT1/lmtt/m/n --> TU/lmtt/m/n on input line 110.
LaTeX Font Info:    Overwriting math alphabet `\mathtt' in version `bold'
(Font)                  OT1/lmtt/m/n --> TU/lmtt/bx/n on input line 110.

Package fontspec Info: latinmodern-math scale = 0.9999966408685371.


Package fontspec Info: latinmodern-math scale = 0.9999966408685371.


Package fontspec Info: latinmodern-math scale = 0.9999966408685371.


Package fontspec Info: Font family 'latinmodern-math.otf(0)' created for font
(fontspec)             'latinmodern-math.otf' with options
(fontspec)             [Scale=MatchLowercase,BoldItalicFont={},ItalicFont={},SmallCapsFont={},Script=Math,BoldFont={latinmodern-math.otf}].
(fontspec)              
(fontspec)              This font family consists of the following NFSS
(fontspec)             series/shapes:
(fontspec)              
(fontspec)             - 'normal' (m/n) with NFSS spec.:
(fontspec)             <->s*[0.9999966408685371]"[latinmodern-math.otf]/OT:script=math;language=dflt;"
(fontspec)             - 'small caps'  (m/sc) with NFSS spec.: 
(fontspec)             - 'bold' (b/n) with NFSS spec.:
(fontspec)             <->s*[0.9999966408685371]"[latinmodern-math.otf]/OT:script=math;language=dflt;"
(fontspec)             - 'bold small caps'  (b/sc) with NFSS spec.: 

LaTeX Font Info:    Font shape `TU/latinmodern-math.otf(0)/m/n' will be
(Font)              scaled to size 10.53937pt on input line 110.

Package fontspec Info: latinmodern-math scale = 0.9999966408685371.


Package fontspec Info: latinmodern-math scale = 0.9999966408685371.


Package fontspec Info: latinmodern-math scale = 0.9999966408685371.


Package fontspec Info: latinmodern-math scale = 0.9999966408685371.


Package fontspec Info: latinmodern-math scale = 0.9999966408685371.


Package fontspec Info: Font family 'latinmodern-math.otf(1)' created for font
(fontspec)             'latinmodern-math.otf' with options
(fontspec)             [Scale=MatchLowercase,BoldItalicFont={},ItalicFont={},SmallCapsFont={},Script=Math,SizeFeatures={{Size=8.9584645-},{Size=6.323622-8.9584645,Font=latinmodern-math.otf,Style=MathScript},{Size=-6.323622,Font=latinmodern-math.otf,Style=MathScriptScript}},BoldFont={latinmodern-math.otf}].
(fontspec)              
(fontspec)              This font family consists of the following NFSS
(fontspec)             series/shapes:
(fontspec)              
(fontspec)             - 'normal' (m/n) with NFSS spec.:
(fontspec)             <8.9584645->s*[0.9999966408685371]"[latinmodern-math.otf]/OT:script=math;language=dflt;"<6.323622-8.9584645>s*[0.9999966408685371]"[latinmodern-math.otf]/OT:script=math;language=dflt;+ssty=0;"<-6.323622>s*[0.9999966408685371]"[latinmodern-math.otf]/OT:script=math;language=dflt;+ssty=1;"
(fontspec)             - 'small caps'  (m/sc) with NFSS spec.: 
(fontspec)             - 'bold' (b/n) with NFSS spec.:
(fontspec)             <->s*[0.9999966408685371]"[latinmodern-math.otf]/OT:script=math;language=dflt;"
(fontspec)             - 'bold small caps'  (b/sc) with NFSS spec.: 

LaTeX Font Info:    Font shape `TU/latinmodern-math.otf(1)/m/n' will be
(Font)              scaled to size 10.53937pt on input line 110.
LaTeX Font Info:    Encoding `OT1' has changed to `TU' for symbol font
(Font)              `operators' in the math version `normal' on input line 110.
LaTeX Font Info:    Overwriting symbol font `operators' in version `normal'
(Font)                  OT1/lmr/m/n --> TU/latinmodern-math.otf(1)/m/n on input line 110.
LaTeX Font Info:    Encoding `OT1' has changed to `TU' for symbol font
(Font)              `operators' in the math version `bold' on input line 110.
LaTeX Font Info:    Overwriting symbol font `operators' in version `bold'
(Font)                  OT1/lmr/bx/n --> TU/latinmodern-math.otf(1)/b/n on input line 110.

Package fontspec Info: latinmodern-math scale = 0.9999966408685371.


Package fontspec Info: latinmodern-math scale = 1.000096640532624.


Package fontspec Info: latinmodern-math scale = 0.9999966408685371.


Package fontspec Info: latinmodern-math scale = 1.000096640532624.


Package fontspec Info: latinmodern-math scale = 0.9999966408685371.


Package fontspec Info: latinmodern-math scale = 1.000096640532624.


Package fontspec Info: latinmodern-math scale = 0.9999966408685371.


Package fontspec Info: latinmodern-math scale = 1.000096640532624.


Package fontspec Info: latinmodern-math scale = 0.9999966408685371.


Package fontspec Info: latinmodern-math scale = 1.000096640532624.


Package fontspec Info: Font family 'latinmodern-math.otf(2)' created for font
(fontspec)             'latinmodern-math.otf' with options
(fontspec)             [Scale=MatchLowercase,BoldItalicFont={},ItalicFont={},SmallCapsFont={},Script=Math,SizeFeatures={{Size=8.9584645-},{Size=6.323622-8.9584645,Font=latinmodern-math.otf,Style=MathScript},{Size=-6.323622,Font=latinmodern-math.otf,Style=MathScriptScript}},BoldFont={latinmodern-math.otf},ScaleAgain=1.0001,FontAdjustment={\fontdimen
(fontspec)             8\font =7.13515pt\relax \fontdimen 9\font
(fontspec)             =4.15251pt\relax \fontdimen 10\font =4.67947pt\relax
(fontspec)             \fontdimen 11\font =7.23001pt\relax \fontdimen 12\font
(fontspec)             =3.63608pt\relax \fontdimen 13\font =3.82579pt\relax
(fontspec)             \fontdimen 14\font =3.82579pt\relax \fontdimen 15\font
(fontspec)             =3.04588pt\relax \fontdimen 16\font =2.60323pt\relax
(fontspec)             \fontdimen 17\font =2.60323pt\relax \fontdimen 18\font
(fontspec)             =2.63484pt\relax \fontdimen 19\font =2.10788pt\relax
(fontspec)             \fontdimen 22\font =2.63484pt\relax \fontdimen 20\font
(fontspec)             =0pt\relax \fontdimen 21\font =0pt\relax }].
(fontspec)              
(fontspec)              This font family consists of the following NFSS
(fontspec)             series/shapes:
(fontspec)              
(fontspec)             - 'normal' (m/n) with NFSS spec.:
(fontspec)             <8.9584645->s*[1.000096640532624]"[latinmodern-math.otf]/OT:script=math;language=dflt;"<6.323622-8.9584645>s*[1.000096640532624]"[latinmodern-math.otf]/OT:script=math;language=dflt;+ssty=0;"<-6.323622>s*[1.000096640532624]"[latinmodern-math.otf]/OT:script=math;language=dflt;+ssty=1;"
(fontspec)             - 'small caps'  (m/sc) with NFSS spec.: 
(fontspec)             and font adjustment code:
(fontspec)             \fontdimen 8\font =7.13515pt\relax \fontdimen 9\font
(fontspec)             =4.15251pt\relax \fontdimen 10\font =4.67947pt\relax
(fontspec)             \fontdimen 11\font =7.23001pt\relax \fontdimen 12\font
(fontspec)             =3.63608pt\relax \fontdimen 13\font =3.82579pt\relax
(fontspec)             \fontdimen 14\font =3.82579pt\relax \fontdimen 15\font
(fontspec)             =3.04588pt\relax \fontdimen 16\font =2.60323pt\relax
(fontspec)             \fontdimen 17\font =2.60323pt\relax \fontdimen 18\font
(fontspec)             =2.63484pt\relax \fontdimen 19\font =2.10788pt\relax
(fontspec)             \fontdimen 22\font =2.63484pt\relax \fontdimen 20\font
(fontspec)             =0pt\relax \fontdimen 21\font =0pt\relax 
(fontspec)             - 'bold' (b/n) with NFSS spec.:
(fontspec)             <->s*[1.000096640532624]"[latinmodern-math.otf]/OT:script=math;language=dflt;"
(fontspec)             - 'bold small caps'  (b/sc) with NFSS spec.: 
(fontspec)             and font adjustment code:
(fontspec)             \fontdimen 8\font =7.13515pt\relax \fontdimen 9\font
(fontspec)             =4.15251pt\relax \fontdimen 10\font =4.67947pt\relax
(fontspec)             \fontdimen 11\font =7.23001pt\relax \fontdimen 12\font
(fontspec)             =3.63608pt\relax \fontdimen 13\font =3.82579pt\relax
(fontspec)             \fontdimen 14\font =3.82579pt\relax \fontdimen 15\font
(fontspec)             =3.04588pt\relax \fontdimen 16\font =2.60323pt\relax
(fontspec)             \fontdimen 17\font =2.60323pt\relax \fontdimen 18\font
(fontspec)             =2.63484pt\relax \fontdimen 19\font =2.10788pt\relax
(fontspec)             \fontdimen 22\font =2.63484pt\relax \fontdimen 20\font
(fontspec)             =0pt\relax \fontdimen 21\font =0pt\relax 

LaTeX Font Info:    Encoding `OMS' has changed to `TU' for symbol font
(Font)              `symbols' in the math version `normal' on input line 110.
LaTeX Font Info:    Overwriting symbol font `symbols' in version `normal'
(Font)                  OMS/lmsy/m/n --> TU/latinmodern-math.otf(2)/m/n on input line 110.
LaTeX Font Info:    Encoding `OMS' has changed to `TU' for symbol font
(Font)              `symbols' in the math version `bold' on input line 110.
LaTeX Font Info:    Overwriting symbol font `symbols' in version `bold'
(Font)                  OMS/lmsy/b/n --> TU/latinmodern-math.otf(2)/b/n on input line 110.

Package fontspec Info: latinmodern-math scale = 0.9999966408685371.


Package fontspec Info: latinmodern-math scale = 0.9998966412044502.


Package fontspec Info: latinmodern-math scale = 0.9999966408685371.


Package fontspec Info: latinmodern-math scale = 0.9998966412044502.


Package fontspec Info: latinmodern-math scale = 0.9999966408685371.


Package fontspec Info: latinmodern-math scale = 0.9998966412044502.


Package fontspec Info: latinmodern-math scale = 0.9999966408685371.


Package fontspec Info: latinmodern-math scale = 0.9998966412044502.


Package fontspec Info: latinmodern-math scale = 0.9999966408685371.


Package fontspec Info: latinmodern-math scale = 0.9998966412044502.


Package fontspec Info: Font family 'latinmodern-math.otf(3)' created for font
(fontspec)             'latinmodern-math.otf' with options
(fontspec)             [Scale=MatchLowercase,BoldItalicFont={},ItalicFont={},SmallCapsFont={},Script=Math,SizeFeatures={{Size=8.9584645-},{Size=6.323622-8.9584645,Font=latinmodern-math.otf,Style=MathScript},{Size=-6.323622,Font=latinmodern-math.otf,Style=MathScriptScript}},BoldFont={latinmodern-math.otf},ScaleAgain=0.9999,FontAdjustment={\fontdimen
(fontspec)             8\font =0.42157pt\relax \fontdimen 9\font
(fontspec)             =2.10788pt\relax \fontdimen 10\font =1.76007pt\relax
(fontspec)             \fontdimen 11\font =1.16988pt\relax \fontdimen 12\font
(fontspec)             =6.32362pt\relax \fontdimen 13\font =0pt\relax }].
(fontspec)              
(fontspec)              This font family consists of the following NFSS
(fontspec)             series/shapes:
(fontspec)              
(fontspec)             - 'normal' (m/n) with NFSS spec.:
(fontspec)             <8.9584645->s*[0.9998966412044502]"[latinmodern-math.otf]/OT:script=math;language=dflt;"<6.323622-8.9584645>s*[0.9998966412044502]"[latinmodern-math.otf]/OT:script=math;language=dflt;+ssty=0;"<-6.323622>s*[0.9998966412044502]"[latinmodern-math.otf]/OT:script=math;language=dflt;+ssty=1;"
(fontspec)             - 'small caps'  (m/sc) with NFSS spec.: 
(fontspec)             and font adjustment code:
(fontspec)             \fontdimen 8\font =0.42157pt\relax \fontdimen 9\font
(fontspec)             =2.10788pt\relax \fontdimen 10\font =1.76007pt\relax
(fontspec)             \fontdimen 11\font =1.16988pt\relax \fontdimen 12\font
(fontspec)             =6.32362pt\relax \fontdimen 13\font =0pt\relax 
(fontspec)             - 'bold' (b/n) with NFSS spec.:
(fontspec)             <->s*[0.9998966412044502]"[latinmodern-math.otf]/OT:script=math;language=dflt;"
(fontspec)             - 'bold small caps'  (b/sc) with NFSS spec.: 
(fontspec)             and font adjustment code:
(fontspec)             \fontdimen 8\font =0.42157pt\relax \fontdimen 9\font
(fontspec)             =2.10788pt\relax \fontdimen 10\font =1.76007pt\relax
(fontspec)             \fontdimen 11\font =1.16988pt\relax \fontdimen 12\font
(fontspec)             =6.32362pt\relax \fontdimen 13\font =0pt\relax 

LaTeX Font Info:    Encoding `OMX' has changed to `TU' for symbol font
(Font)              `largesymbols' in the math version `normal' on input line 110.
LaTeX Font Info:    Overwriting symbol font `largesymbols' in version `normal'
(Font)                  OMX/lmex/m/n --> TU/latinmodern-math.otf(3)/m/n on input line 110.
LaTeX Font Info:    Encoding `OMX' has changed to `TU' for symbol font
(Font)              `largesymbols' in the math version `bold' on input line 110.
LaTeX Font Info:    Overwriting symbol font `largesymbols' in version `bold'
(Font)                  OMX/lmex/m/n --> TU/latinmodern-math.otf(3)/b/n on input line 110.
Package hyperref Info: Link coloring OFF on input line 110.
(./hw4.out) (./hw4.out)
\@outlinefile=\write4
\openout4 = `hw4.out'.

LaTeX Font Info:    Font shape `TU/latinmodern-math.otf(1)/m/n' will be
(Font)              scaled to size 12.045pt on input line 112.
LaTeX Font Info:    Font shape `TU/latinmodern-math.otf(1)/m/n' will be
(Font)              scaled to size 8.0pt on input line 112.
LaTeX Font Info:    Font shape `TU/latinmodern-math.otf(1)/m/n' will be
(Font)              scaled to size 6.0pt on input line 112.
LaTeX Font Info:    Trying to load font information for OML+lmm on input line 112.
(c:/Users/17301/AppData/Roaming/TinyTeX/texmf-dist/tex/latex/lm/omllmm.fd
File: omllmm.fd 2015/05/01 v1.6.1 Font defs for Latin Modern
)
LaTeX Font Info:    Font shape `TU/latinmodern-math.otf(2)/m/n' will be
(Font)              scaled to size 12.0461pt on input line 112.
LaTeX Font Info:    Font shape `TU/latinmodern-math.otf(2)/m/n' will be
(Font)              scaled to size 8.00073pt on input line 112.
LaTeX Font Info:    Font shape `TU/latinmodern-math.otf(2)/m/n' will be
(Font)              scaled to size 6.00055pt on input line 112.
LaTeX Font Info:    Font shape `TU/latinmodern-math.otf(3)/m/n' will be
(Font)              scaled to size 12.0437pt on input line 112.
LaTeX Font Info:    Font shape `TU/latinmodern-math.otf(3)/m/n' will be
(Font)              scaled to size 7.99915pt on input line 112.
LaTeX Font Info:    Font shape `TU/latinmodern-math.otf(3)/m/n' will be
(Font)              scaled to size 5.99936pt on input line 112.
LaTeX Font Info:    Trying to load font information for U+msa on input line 112.
(c:/Users/17301/AppData/Roaming/TinyTeX/texmf-dist/tex/latex/amsfonts/umsa.fd
File: umsa.fd 2013/01/14 v3.01 AMS symbols A
)
LaTeX Font Info:    Trying to load font information for U+msb on input line 112.
(c:/Users/17301/AppData/Roaming/TinyTeX/texmf-dist/tex/latex/amsfonts/umsb.fd
File: umsb.fd 2013/01/14 v3.01 AMS symbols B
) (./hw4.toc)
\tf@toc=\write5
\openout5 = `hw4.toc'.

LaTeX Font Info:    Font shape `TU/latinmodern-math.otf(1)/m/n' will be
(Font)              scaled to size 7.37756pt on input line 122.
LaTeX Font Info:    Font shape `TU/latinmodern-math.otf(1)/m/n' will be
(Font)              scaled to size 5.26968pt on input line 122.
LaTeX Font Info:    Font shape `TU/latinmodern-math.otf(2)/m/n' will be
(Font)              scaled to size 10.54033pt on input line 122.
LaTeX Font Info:    Font shape `TU/latinmodern-math.otf(2)/m/n' will be
(Font)              scaled to size 7.37823pt on input line 122.
LaTeX Font Info:    Font shape `TU/latinmodern-math.otf(2)/m/n' will be
(Font)              scaled to size 5.27016pt on input line 122.
LaTeX Font Info:    Font shape `TU/latinmodern-math.otf(3)/m/n' will be
(Font)              scaled to size 10.53824pt on input line 122.
LaTeX Font Info:    Font shape `TU/latinmodern-math.otf(3)/m/n' will be
(Font)              scaled to size 7.37677pt on input line 122.
LaTeX Font Info:    Font shape `TU/latinmodern-math.otf(3)/m/n' will be
(Font)              scaled to size 5.26912pt on input line 122.

Overfull \hbox (181.46771pt too wide) detected at line 145
[][]
 []

[1

]

Package fontspec Info: FangSong scale = 0.976420540271054.


Package fontspec Info: Could not resolve font "FangSong/BI" (it probably
(fontspec)             doesn't exist).


Package fontspec Info: Could not resolve font "FangSong/B" (it probably
(fontspec)             doesn't exist).


Package fontspec Info: Could not resolve font "FangSong/I" (it probably
(fontspec)             doesn't exist).


Package fontspec Info: FangSong scale = 0.976420540271054.


Package fontspec Info: Font family 'FangSong(0)' created for font 'FangSong'
(fontspec)             with options [Scale=MatchLowercase,Script={CJK}].
(fontspec)              
(fontspec)              This font family consists of the following NFSS
(fontspec)             series/shapes:
(fontspec)              
(fontspec)             - 'normal' (m/n) with NFSS spec.:
(fontspec)             <->s*[0.976420540271054]"FangSong/OT:script=hani;language=dflt;"
(fontspec)             - 'small caps'  (m/sc) with NFSS spec.: 


LaTeX Font Warning: Font shape `TU/FangSong(0)/m/it' undefined
(Font)              using `TU/FangSong(0)/m/n' instead on input line 159.

LaTeX Font Info:    Font shape `TU/FangSong(0)/m/n' will be
(Font)              scaled to size 10.2909pt on input line 159.
LaTeX Font Info:    Font shape `TU/lmtt/bx/n' in size <10.53937> not available
(Font)              Font shape `TU/lmtt/b/n' tried instead on input line 167.

Overfull \vbox (1.07436pt too high) detected at line 194
 []

LaTeX Font Info:    Font shape `TU/SimSun(0)/m/sl' in size <10.53937> not available
(Font)              Font shape `TU/SimSun(0)/m/it' tried instead on input line 194.
[2]
File: hw4_files/figure-latex/unnamed-chunk-1-1.pdf Graphic file (type pdf)
<use hw4_files/figure-latex/unnamed-chunk-1-1.pdf>
[3]
Overfull \vbox (1.78049pt too high) detected at line 272
 []

[4]
File: hw4_files/figure-latex/unnamed-chunk-2-1.pdf Graphic file (type pdf)
<use hw4_files/figure-latex/unnamed-chunk-2-1.pdf>
[5] [6] [7]
File: hw4_files/figure-latex/unnamed-chunk-3-1.pdf Graphic file (type pdf)
<use hw4_files/figure-latex/unnamed-chunk-3-1.pdf>

Overfull \hbox (181.46771pt too wide) detected at line 391
[][]
 []

[8]
Underfull \vbox (badness 10000) detected at line 441
 []


Underfull \vbox (badness 10000) detected at line 441
 []

[9]
File: hw4_files/figure-latex/unnamed-chunk-4-1.pdf Graphic file (type pdf)
<use hw4_files/figure-latex/unnamed-chunk-4-1.pdf>
[10]

Package amsmath Warning: Foreign command \atopwithdelims;
(amsmath)                \frac or \genfrac should be used instead
(amsmath)                 on input line 482.

[11] [12] [13]
File: hw4_files/figure-latex/unnamed-chunk-5-1.pdf Graphic file (type pdf)
<use hw4_files/figure-latex/unnamed-chunk-5-1.pdf>
[14] [15]
File: hw4_files/figure-latex/unnamed-chunk-6-1.pdf Graphic file (type pdf)
<use hw4_files/figure-latex/unnamed-chunk-6-1.pdf>
[16]
Overfull \hbox (6554.8631pt too wide) in paragraph at lines 690--690
[]\TU/lmtt/m/n/10.53937 ## beta= 0.1484324 0.2089401 0.08216007 0.1298638 0.1149962 0.05173346 0.1911997 0.08788234 0.3535396 0.08871076 0 0 0 0 0.03752983 0 0 -0.02762555 0 0 0 0 0 0 -0.07521258 0 0 0 0 0 0 -0.09376337 0.008411456 0 0 0.06023954 0 0 0 0 0 0 0 0 0.0003709843 0 0 0.08809099 0 0 -0.03136559 0 0 0.03202087 0 0 0 -0.08876158 0 0 0 0 0.008174939 0 0 0 0 0 0 -0.01130857 0 0 0 0 0 0 0 0 0 0 0 0 0 0 0 0 0 0 0 0 -0.02766788 0 -0.01603398 0 0.009219036 0 0 0 0 0 0 0 0 0 0 0 0 0 0 -0.0876189 0 0 0 0 0.02444709 0 -0.02633497 0 0 0 0 0.02337479 -0.08709728 0 0 0 0 0 0.02046057 0 0 0.03897842 0.04834596 0 0 0 0 0 -0.03301593 0 0 0.07614925 0.008618466 0 0 0 0 0 -0.01310139 0.02048493 -0.09561569 0 0 0.01623038 0 0 0 -0.007590336 0 0 0.008861441 0 0 0 0 0 0 -0.002076568 0.05610142 -0.0002596108 0 0 0 0 0 0 0 0.01156768 0 0 0 0 0 0 0 0.0001225716 0 0 0 0 0 0 0 0 0.0144466 0 0 0 0.09821716 -0.07637597 0 0 0 0 0 0 0 0 -0.02722552 0 0 0 0 0 -0.03002381 0 0.06203413 0.1022136 0 -0.04894147 0 0 0 -0.03316595 0 0 0 0 0 0 0 0 0 0 0 -0.04153857 0.0171126 0 0 0 0 0 -0.0151746 0 0 0 0 0 0 0 0 0 0 0 0 0.002343926 0 0 0 0 0 0 0 0 0 0 0.0250511 0 0 0.04139393 0 0 0 0.03731418 0 0 0.0275311 0 0 0 0 0 0 0 0 0 -0.0547461 0 0 0 0 -0.001369066 0 0 0 0.06153613 0 0 0 0[] 
 []

[17]
File: hw4_files/figure-latex/unnamed-chunk-7-1.pdf Graphic file (type pdf)
<use hw4_files/figure-latex/unnamed-chunk-7-1.pdf>

Overfull \hbox (6245.0057pt too wide) in paragraph at lines 759--759
[]\TU/lmtt/m/n/10.53937 ## beta= 0.1676255 0.2744733 0.08213882 0.1236493 0.1144688 0.03486904 0.2186043 0.1091445 0.3926981 0.09107032 0 0 0 0 0.0442695 0 0 -0.005065719 0 0 -0.002264911 0 0 0 -0.05227392 0 0 0 0 0 0 -0.09267174 0.002256402 0 0 0.08031059 0 0 0 0 0 0 0 0 0.0005789177 0 0 0.08668746 0 0 -0.02273259 0 0 0.02337364 0 0 0 -0.1118379 0 0 0 0 0.03264137 0 0 0 0 0 0 -0.02215633 0 0 0 0 0 0 0 0 0 0 0 0 0 0 0 0 0 0 0 0 -0.01632484 0 -0.005975299 0 0 0 0 0 0 0 0 0 0 0 0 0 0 0 0 -0.1151841 0 0 0 0 0.02642113 0 -0.01731192 0 0 0 0 0.02356332 -0.09136541 0 0 0 0 0 0.005033326 0 0 0.0558332 0.04587081 0 0 0 0 0 -0.02348844 0 0 0.09013318 0 0 0 0 0 0 -0.03180845 0.02121246 -0.08732607 0 0 0.009237184 0 0 0 0 0 0 0 0 0 0 0 0 0 -0.002209274 0.02946308 0 0 0 0 0 0 0 0 0.007901153 0 0 0 0 0 0 0 0 0 0 0 0 0 0 0 0 0 0 0 0 0.08274073 -0.09523012 0 0 0 0 0 0 0 0 -0.0363506 0 0 0 0 0 -0.01018354 0 0.06380318 0.1073047 0 -0.07455783 0 0 0 -0.0212706 0 0 0 0 0 0 0 0 0 0 0 -0.02621896 0.006345068 0 0 0 0 0 -0.02463467 0 0 0 0 0 0 0 0 0 0 0 0 0.009153896 0 0 0 0 0 0 0 0 0 0 0.005915121 0 0 0.05824147 0 0 0 0.02786301 0 0 0.02004677 0 0 0 0 0 0 0 0 0 -0.04219925 0 0 0 0 -0.006324286 0 0 0 0.07141474 0 0 0 0[] 
 []

[18]
Overfull \vbox (1.20865pt too high) detected at line 819
 []

[19] [20] [21]
Overfull \hbox (101.9284pt too wide) detected at line 895
[][]
 []


Overfull \hbox (22.71094pt too wide) detected at line 908
[][][][][][][] [] [] [] [][][][][][][][][] [] [] [] [] [][][][][][][][][][] [] [][][] [] [][][][][][][][][] [] [][][][] [] []
 []


Overfull \hbox (66.25685pt too wide) detected at line 926
[][]
 []

[22]

LaTeX Font Warning: Font shape `TU/lmtt/bx/it' in size <10.53937> not available
(Font)              Font shape `TU/lmtt/b/sl' tried instead on input line 998.


LaTeX Font Warning: Font shape `TU/FangSong(0)/b/it' undefined
(Font)              using `TU/FangSong(0)/m/n' instead on input line 998.

[23]
Underfull \vbox (badness 10000) detected at line 1045
 []


Underfull \vbox (badness 10000) detected at line 1045
 []

[24]
Underfull \vbox (badness 10000) detected at line 1045
 []


Underfull \vbox (badness 10000) detected at line 1045
 []

[25] [26]
File: hw4_files/figure-latex/unnamed-chunk-10-1.pdf Graphic file (type pdf)
<use hw4_files/figure-latex/unnamed-chunk-10-1.pdf>
File: hw4_files/figure-latex/unnamed-chunk-10-2.pdf Graphic file (type pdf)
<use hw4_files/figure-latex/unnamed-chunk-10-2.pdf>
[27]
File: hw4_files/figure-latex/unnamed-chunk-12-1.pdf Graphic file (type pdf)
<use hw4_files/figure-latex/unnamed-chunk-12-1.pdf>
[28]
File: hw4_files/figure-latex/unnamed-chunk-12-2.pdf Graphic file (type pdf)
<use hw4_files/figure-latex/unnamed-chunk-12-2.pdf>
[29] [30] (./hw4.aux)

LaTeX Font Warning: Some font shapes were not available, defaults substituted.

Package rerunfilecheck Info: File `hw4.out' has not changed.
(rerunfilecheck)             Checksum: D41D8CD98F00B204E9800998ECF8427E;0.
 ) 
Here is how much of TeX's memory you used:
 20230 strings out of 478759
 421962 string characters out of 5848848
 1875012 words of memory out of 5000000
 39973 multiletter control sequences out of 15000+600000
 520548 words of font info for 108 fonts, out of 8000000 for 9000
 14 hyphenation exceptions out of 8191
 89i,14n,121p,1818b,454s stack positions out of 10000i,1000n,20000p,200000b,200000s

Output written on hw4.pdf (30 pages).
